Arguments: 
  /usr/local/bin/node /usr/local/lib/node_modules/yarn/lib/cli.js publish

PATH: 
  /opt/homebrew/bin:/opt/homebrew/sbin:/Users/hanje/.yarn/bin:/opt/homebrew/opt/python@3.9/libexec/bin:/opt/homebrew/opt/ruby/bin:/usr/local/bin:/usr/bin:/bin:/usr/sbin:/sbin:/usr/local/go/bin:/Users/hanje/.cargo/bin:/opt/apache-maven-3.8.2/bin

Yarn version: 
  1.22.10

Node version: 
  16.13.1

Platform: 
  darwin arm64

Trace: 
  Error: canceled
      at Interface.<anonymous> (/usr/local/lib/node_modules/yarn/lib/cli.js:136216:13)
      at Interface.emit (node:events:390:28)
      at Interface._ttyWrite (node:readline:1081:16)
      at ReadStream.onkeypress (node:readline:288:10)
      at ReadStream.emit (node:events:390:28)
      at emitKeys (node:internal/readline/utils:358:14)
      at emitKeys.next (<anonymous>)
      at ReadStream.onData (node:internal/readline/emitKeypressEvents:61:36)
      at ReadStream.emit (node:events:390:28)
      at addChunk (node:internal/streams/readable:315:12)

npm manifest: 
  {
    "name": "hant",
    "version": "1.0.1",
    "main": "./es/index.js",
    "module": "./es/index.js",
    "types": "./es/index.d.ts",
    "scripts": {
      "build": "./scripts/build.sh",
      "compile-plugins": "tsc -p ./plugins/tsconfig.json"
    },
    "license": "MIT",
    "files": [
      "src",
      "assets/",
      "es",
      "css/",
      "dependency-graph.json",
      "theme-css-vars.json",
      "plugins/css-compiler-constants.js"
    ],
    "dependencies": {
      "classnames": "^2.3.1",
      "react-is": "^17.0.2",
      "tslib": "^2.3.1",
      "zenticons": "^3.7.3"
    },
    "peerDependencies": {
      "react": "^17.0.0",
      "react-dom": "^17.0.0",
      "scheduler": "^0.20.0"
    },
    "devDependencies": {
      "@types/classnames": "^2.3.1",
      "@types/node": "^17.0.5",
      "@types/react": "^17.0.38",
      "@types/react-dom": "^17.0.11",
      "autoprefixer": "^10.4.1",
      "camelcase": "^6.2.1",
      "chalk": "^5.0.0",
      "cssnano": "^5.0.14",
      "postcss-cli": "^9.1.0",
      "postcss-selector-parser": "^6.0.8",
      "postcss-value-parser": "^4.2.0",
      "react": "^17.0.2",
      "react-dom": "^17.0.2",
      "sass": "^1.45.2",
      "ts-node": "10.0.0",
      "typescript": "~4.3.5"
    }
  }

yarn manifest: 
  No manifest

Lockfile: 
  # THIS IS AN AUTOGENERATED FILE. DO NOT EDIT THIS FILE DIRECTLY.
  # yarn lockfile v1
  
  
  "@nodelib/fs.scandir@2.1.5":
    version "2.1.5"
    resolved "https://registry.nlark.com/@nodelib/fs.scandir/download/@nodelib/fs.scandir-2.1.5.tgz?cache=0&sync_timestamp=1622792718463&other_urls=https%3A%2F%2Fregistry.nlark.com%2F%40nodelib%2Ffs.scandir%2Fdownload%2F%40nodelib%2Ffs.scandir-2.1.5.tgz#7619c2eb21b25483f6d167548b4cfd5a7488c3d5"
    integrity sha1-dhnC6yGyVIP20WdUi0z9WnSIw9U=
    dependencies:
      "@nodelib/fs.stat" "2.0.5"
      run-parallel "^1.1.9"
  
  "@nodelib/fs.stat@2.0.5", "@nodelib/fs.stat@^2.0.2":
    version "2.0.5"
    resolved "https://registry.nlark.com/@nodelib/fs.stat/download/@nodelib/fs.stat-2.0.5.tgz?cache=0&sync_timestamp=1622792655362&other_urls=https%3A%2F%2Fregistry.nlark.com%2F%40nodelib%2Ffs.stat%2Fdownload%2F%40nodelib%2Ffs.stat-2.0.5.tgz#5bd262af94e9d25bd1e71b05deed44876a222e8b"
    integrity sha1-W9Jir5Tp0lvR5xsF3u1Eh2oiLos=
  
  "@nodelib/fs.walk@^1.2.3":
    version "1.2.8"
    resolved "https://registry.nlark.com/@nodelib/fs.walk/download/@nodelib/fs.walk-1.2.8.tgz?cache=0&sync_timestamp=1625770050780&other_urls=https%3A%2F%2Fregistry.nlark.com%2F%40nodelib%2Ffs.walk%2Fdownload%2F%40nodelib%2Ffs.walk-1.2.8.tgz#e95737e8bb6746ddedf69c556953494f196fe69a"
    integrity sha1-6Vc36LtnRt3t9pxVaVNJTxlv5po=
    dependencies:
      "@nodelib/fs.scandir" "2.1.5"
      fastq "^1.6.0"
  
  "@trysound/sax@0.2.0":
    version "0.2.0"
    resolved "https://registry.nlark.com/@trysound/sax/download/@trysound/sax-0.2.0.tgz#cccaab758af56761eb7bf37af6f03f326dd798ad"
    integrity sha1-zMqrdYr1Z2Hre/N69vA/Mm3XmK0=
  
  "@tsconfig/node10@^1.0.7":
    version "1.0.8"
    resolved "https://registry.npmmirror.com/@tsconfig/node10/download/@tsconfig/node10-1.0.8.tgz#c1e4e80d6f964fbecb3359c43bd48b40f7cadad9"
    integrity sha1-weToDW+WT77LM1nEO9SLQPfK2tk=
  
  "@tsconfig/node12@^1.0.7":
    version "1.0.9"
    resolved "https://registry.nlark.com/@tsconfig/node12/download/@tsconfig/node12-1.0.9.tgz#62c1f6dee2ebd9aead80dc3afa56810e58e1a04c"
    integrity sha1-YsH23uLr2a6tgNw6+laBDljhoEw=
  
  "@tsconfig/node14@^1.0.0":
    version "1.0.1"
    resolved "https://registry.nlark.com/@tsconfig/node14/download/@tsconfig/node14-1.0.1.tgz?cache=0&sync_timestamp=1623230113946&other_urls=https%3A%2F%2Fregistry.nlark.com%2F%40tsconfig%2Fnode14%2Fdownload%2F%40tsconfig%2Fnode14-1.0.1.tgz#95f2d167ffb9b8d2068b0b235302fafd4df711f2"
    integrity sha1-lfLRZ/+5uNIGiwsjUwL6/U33EfI=
  
  "@tsconfig/node16@^1.0.1":
    version "1.0.2"
    resolved "https://registry.nlark.com/@tsconfig/node16/download/@tsconfig/node16-1.0.2.tgz?cache=0&sync_timestamp=1626840702633&other_urls=https%3A%2F%2Fregistry.nlark.com%2F%40tsconfig%2Fnode16%2Fdownload%2F%40tsconfig%2Fnode16-1.0.2.tgz#423c77877d0569db20e1fc80885ac4118314010e"
    integrity sha1-Qjx3h30Fadsg4fyAiFrEEYMUAQ4=
  
  "@types/classnames@^2.3.1":
    version "2.3.1"
    resolved "https://registry.npmmirror.com/@types/classnames/download/@types/classnames-2.3.1.tgz#3c2467aa0f1a93f1f021e3b9bcf938bd5dfdc0dd"
    integrity sha1-PCRnqg8ak/HwIeO5vPk4vV39wN0=
    dependencies:
      classnames "*"
  
  "@types/node@^17.0.5":
    version "17.0.5"
    resolved "https://registry.npmmirror.com/@types/node/download/@types/node-17.0.5.tgz#57ca67ec4e57ad9e4ef5a6bab48a15387a1c83e0"
    integrity sha512-w3mrvNXLeDYV1GKTZorGJQivK6XLCoGwpnyJFbJVK/aTBQUxOCaa/GlFAAN3OTDFcb7h5tiFG+YXCO2By+riZw==
  
  "@types/prop-types@*":
    version "15.7.4"
    resolved "https://registry.npmmirror.com/@types/prop-types/download/@types/prop-types-15.7.4.tgz#fcf7205c25dff795ee79af1e30da2c9790808f11"
    integrity sha1-/PcgXCXf95Xuea8eMNosl5CAjxE=
  
  "@types/react-dom@^17.0.11":
    version "17.0.11"
    resolved "https://registry.npmmirror.com/@types/react-dom/download/@types/react-dom-17.0.11.tgz#e1eadc3c5e86bdb5f7684e00274ae228e7bcc466"
    integrity sha512-f96K3k+24RaLGVu/Y2Ng3e1EbZ8/cVJvypZWd7cy0ofCBaf2lcM46xNhycMZ2xGwbBjRql7hOlZ+e2WlJ5MH3Q==
    dependencies:
      "@types/react" "*"
  
  "@types/react@*", "@types/react@^17.0.38":
    version "17.0.38"
    resolved "https://registry.npmmirror.com/@types/react/download/@types/react-17.0.38.tgz#f24249fefd89357d5fa71f739a686b8d7c7202bd"
    integrity sha512-SI92X1IA+FMnP3qM5m4QReluXzhcmovhZnLNm3pyeQlooi02qI7sLiepEYqT678uNiyc25XfCqxREFpy3W7YhQ==
    dependencies:
      "@types/prop-types" "*"
      "@types/scheduler" "*"
      csstype "^3.0.2"
  
  "@types/scheduler@*":
    version "0.16.2"
    resolved "https://registry.npmmirror.com/@types/scheduler/download/@types/scheduler-0.16.2.tgz#1a62f89525723dde24ba1b01b092bf5df8ad4d39"
    integrity sha1-GmL4lSVyPd4kuhsBsJK/XfitTTk=
  
  alphanum-sort@^1.0.2:
    version "1.0.2"
    resolved "https://registry.npm.taobao.org/alphanum-sort/download/alphanum-sort-1.0.2.tgz#97a1119649b211ad33691d9f9f486a8ec9fbe0a3"
    integrity sha1-l6ERlkmyEa0zaR2fn0hqjsn74KM=
  
  ansi-regex@^5.0.1:
    version "5.0.1"
    resolved "https://registry.nlark.com/ansi-regex/download/ansi-regex-5.0.1.tgz?cache=0&sync_timestamp=1631634988487&other_urls=https%3A%2F%2Fregistry.nlark.com%2Fansi-regex%2Fdownload%2Fansi-regex-5.0.1.tgz#082cb2c89c9fe8659a311a53bd6a4dc5301db304"
    integrity sha1-CCyyyJyf6GWaMRpTvWpNxTAdswQ=
  
  ansi-styles@^4.0.0:
    version "4.3.0"
    resolved "https://registry.nlark.com/ansi-styles/download/ansi-styles-4.3.0.tgz#edd803628ae71c04c85ae7a0906edad34b648937"
    integrity sha1-7dgDYornHATIWuegkG7a00tkiTc=
    dependencies:
      color-convert "^2.0.1"
  
  anymatch@~3.1.2:
    version "3.1.2"
    resolved "https://registry.nlark.com/anymatch/download/anymatch-3.1.2.tgz#c0557c096af32f106198f4f4e2a383537e378716"
    integrity sha1-wFV8CWrzLxBhmPT04qODU343hxY=
    dependencies:
      normalize-path "^3.0.0"
      picomatch "^2.0.4"
  
  arg@^4.1.0:
    version "4.1.3"
    resolved "https://registry.npmmirror.com/arg/download/arg-4.1.3.tgz#269fc7ad5b8e42cb63c896d5666017261c144089"
    integrity sha512-58S9QDqG0Xx27YwPSt9fJxivjYl432YCwfDMfZ+71RAqUrZef7LrKQZ3LHLOwCS4FLNBplP533Zx895SeOCHvA==
  
  array-union@^3.0.1:
    version "3.0.1"
    resolved "https://registry.nlark.com/array-union/download/array-union-3.0.1.tgz#da52630d327f8b88cfbfb57728e2af5cd9b6b975"
    integrity sha1-2lJjDTJ/i4jPv7V3KOKvXNm2uXU=
  
  autoprefixer@^10.4.1:
    version "10.4.1"
    resolved "https://registry.npmmirror.com/autoprefixer/download/autoprefixer-10.4.1.tgz#1735959d6462420569bc42408016acbc56861c12"
    integrity sha512-B3ZEG7wtzXDRCEFsan7HmR2AeNsxdJB0+sEC0Hc5/c2NbhJqPwuZm+tn233GBVw82L+6CtD6IPSfVruwKjfV3A==
    dependencies:
      browserslist "^4.19.1"
      caniuse-lite "^1.0.30001294"
      fraction.js "^4.1.2"
      normalize-range "^0.1.2"
      picocolors "^1.0.0"
      postcss-value-parser "^4.2.0"
  
  binary-extensions@^2.0.0:
    version "2.2.0"
    resolved "https://registry.nlark.com/binary-extensions/download/binary-extensions-2.2.0.tgz#75f502eeaf9ffde42fc98829645be4ea76bd9e2d"
    integrity sha1-dfUC7q+f/eQvyYgpZFvk6na9ni0=
  
  boolbase@^1.0.0:
    version "1.0.0"
    resolved "https://registry.npm.taobao.org/boolbase/download/boolbase-1.0.0.tgz#68dff5fbe60c51eb37725ea9e3ed310dcc1e776e"
    integrity sha1-aN/1++YMUes3cl6p4+0xDcwed24=
  
  braces@^3.0.1, braces@~3.0.2:
    version "3.0.2"
    resolved "https://registry.nlark.com/braces/download/braces-3.0.2.tgz#3454e1a462ee8d599e236df336cd9ea4f8afe107"
    integrity sha1-NFThpGLujVmeI23zNs2epPiv4Qc=
    dependencies:
      fill-range "^7.0.1"
  
  browserslist@^4.0.0, browserslist@^4.16.0, browserslist@^4.16.6, browserslist@^4.19.1:
    version "4.19.1"
    resolved "https://registry.npmmirror.com/browserslist/download/browserslist-4.19.1.tgz#4ac0435b35ab655896c31d53018b6dd5e9e4c9a3"
    integrity sha512-u2tbbG5PdKRTUoctO3NBD8FQ5HdPh1ZXPHzp1rwaa5jTc+RV9/+RlWiAIKmjRPQF+xbGM9Kklj5bZQFa2s/38A==
    dependencies:
      caniuse-lite "^1.0.30001286"
      electron-to-chromium "^1.4.17"
      escalade "^3.1.1"
      node-releases "^2.0.1"
      picocolors "^1.0.0"
  
  buffer-from@^1.0.0:
    version "1.1.2"
    resolved "https://registry.nlark.com/buffer-from/download/buffer-from-1.1.2.tgz#2b146a6fd72e80b4f55d255f35ed59a3a9a41bd5"
    integrity sha1-KxRqb9cugLT1XSVfNe1Zo6mkG9U=
  
  camelcase@^6.2.1:
    version "6.2.1"
    resolved "https://registry.npmmirror.com/camelcase/download/camelcase-6.2.1.tgz?cache=0&sync_timestamp=1636945122112&other_urls=https%3A%2F%2Fregistry.npmmirror.com%2Fcamelcase%2Fdownload%2Fcamelcase-6.2.1.tgz#250fd350cfd555d0d2160b1d51510eaf8326e86e"
    integrity sha512-tVI4q5jjFV5CavAU8DXfza/TJcZutVKo/5Foskmsqcm0MsL91moHvwiGNnqaa2o6PF/7yT5ikDRcVcl8Rj6LCA==
  
  caniuse-api@^3.0.0:
    version "3.0.0"
    resolved "https://registry.npmmirror.com/caniuse-api/download/caniuse-api-3.0.0.tgz#5e4d90e2274961d46291997df599e3ed008ee4c0"
    integrity sha1-Xk2Q4idJYdRikZl99Znj7QCO5MA=
    dependencies:
      browserslist "^4.0.0"
      caniuse-lite "^1.0.0"
      lodash.memoize "^4.1.2"
      lodash.uniq "^4.5.0"
  
  caniuse-lite@^1.0.0, caniuse-lite@^1.0.30001286, caniuse-lite@^1.0.30001294:
    version "1.0.30001294"
    resolved "https://registry.npmmirror.com/caniuse-lite/download/caniuse-lite-1.0.30001294.tgz#4849f27b101fd59ddee3751598c663801032533d"
    integrity sha512-LiMlrs1nSKZ8qkNhpUf5KD0Al1KCBE3zaT7OLOwEkagXMEDij98SiOovn9wxVGQpklk9vVC/pUSqgYmkmKOS8g==
  
  chalk@^5.0.0:
    version "5.0.0"
    resolved "https://registry.npmmirror.com/chalk/download/chalk-5.0.0.tgz#bd96c6bb8e02b96e08c0c3ee2a9d90e050c7b832"
    integrity sha512-/duVOqst+luxCQRKEo4bNxinsOQtMP80ZYm7mMqzuh5PociNL0PvmHFvREJ9ueYL2TxlHjBcmLCdmocx9Vg+IQ==
  
  "chokidar@>=3.0.0 <4.0.0", chokidar@^3.3.0:
    version "3.5.2"
    resolved "https://registry.npmmirror.com/chokidar/download/chokidar-3.5.2.tgz#dba3976fcadb016f66fd365021d91600d01c1e75"
    integrity sha512-ekGhOnNVPgT77r4K/U3GDhu+FQ2S8TnK/s2KbIGXi0SZWuwkZ2QNyfWdZW+TVfn84DpEP7rLeCt2UI6bJ8GwbQ==
    dependencies:
      anymatch "~3.1.2"
      braces "~3.0.2"
      glob-parent "~5.1.2"
      is-binary-path "~2.1.0"
      is-glob "~4.0.1"
      normalize-path "~3.0.0"
      readdirp "~3.6.0"
    optionalDependencies:
      fsevents "~2.3.2"
  
  classnames@*, classnames@^2.3.1:
    version "2.3.1"
    resolved "https://registry.npmmirror.com/classnames/download/classnames-2.3.1.tgz#dfcfa3891e306ec1dad105d0e88f4417b8535e8e"
    integrity sha512-OlQdbZ7gLfGarSqxesMesDa5uz7KFbID8Kpq/SxIoNGDqY8lSYs0D+hhtBXhcdB3rcbXArFr7vlHheLk1voeNA==
  
  cliui@^7.0.2:
    version "7.0.4"
    resolved "https://registry.nlark.com/cliui/download/cliui-7.0.4.tgz#a0265ee655476fc807aea9df3df8df7783808b4f"
    integrity sha1-oCZe5lVHb8gHrqnfPfjfd4OAi08=
    dependencies:
      string-width "^4.2.0"
      strip-ansi "^6.0.0"
      wrap-ansi "^7.0.0"
  
  color-convert@^2.0.1:
    version "2.0.1"
    resolved "https://registry.npmmirror.com/color-convert/download/color-convert-2.0.1.tgz#72d3a68d598c9bdb3af2ad1e84f21d896abd4de3"
    integrity sha1-ctOmjVmMm9s68q0ehPIdiWq9TeM=
    dependencies:
      color-name "~1.1.4"
  
  color-name@~1.1.4:
    version "1.1.4"
    resolved "https://registry.nlark.com/color-name/download/color-name-1.1.4.tgz#c2a09a87acbde69543de6f63fa3995c826c536a2"
    integrity sha1-wqCah6y95pVD3m9j+jmVyCbFNqI=
  
  colord@^2.9.1:
    version "2.9.2"
    resolved "https://registry.npmmirror.com/colord/download/colord-2.9.2.tgz#25e2bacbbaa65991422c07ea209e2089428effb1"
    integrity sha512-Uqbg+J445nc1TKn4FoDPS6ZZqAvEDnwrH42yo8B40JSOgSLxMZ/gt3h4nmCtPLQeXhjJJkqBx7SCY35WnIixaQ==
  
  commander@^7.2.0:
    version "7.2.0"
    resolved "https://registry.npmmirror.com/commander/download/commander-7.2.0.tgz#a36cb57d0b501ce108e4d20559a150a391d97ab7"
    integrity sha512-QrWXB+ZQSVPmIWIhtEO9H+gwHaMGYiF5ChvoJ+K9ZGHG/sVsa6yiesAD1GC/x46sET00Xlwo1u49RVVVzvcSkw==
  
  create-require@^1.1.0:
    version "1.1.1"
    resolved "https://registry.nlark.com/create-require/download/create-require-1.1.1.tgz#c1d7e8f1e5f6cfc9ff65f9cd352d37348756c333"
    integrity sha1-wdfo8eX2z8n/ZfnNNS03NIdWwzM=
  
  css-declaration-sorter@^6.0.3:
    version "6.1.3"
    resolved "https://registry.npmmirror.com/css-declaration-sorter/download/css-declaration-sorter-6.1.3.tgz#e9852e4cf940ba79f509d9425b137d1f94438dc2"
    integrity sha1-6YUuTPlAunn1CdlCWxN9H5RDjcI=
    dependencies:
      timsort "^0.3.0"
  
  css-select@^4.1.3:
    version "4.2.1"
    resolved "https://registry.npmmirror.com/css-select/download/css-select-4.2.1.tgz#9e665d6ae4c7f9d65dbe69d0316e3221fb274cdd"
    integrity sha512-/aUslKhzkTNCQUB2qTX84lVmfia9NyjP3WpDGtj/WxhwBzWBYUV3DgUpurHTme8UTPcPlAD1DJ+b0nN/t50zDQ==
    dependencies:
      boolbase "^1.0.0"
      css-what "^5.1.0"
      domhandler "^4.3.0"
      domutils "^2.8.0"
      nth-check "^2.0.1"
  
  css-tree@^1.1.2, css-tree@^1.1.3:
    version "1.1.3"
    resolved "https://registry.npmmirror.com/css-tree/download/css-tree-1.1.3.tgz#eb4870fb6fd7707327ec95c2ff2ab09b5e8db91d"
    integrity sha1-60hw+2/XcHMn7JXC/yqwm16NuR0=
    dependencies:
      mdn-data "2.0.14"
      source-map "^0.6.1"
  
  css-what@^5.1.0:
    version "5.1.0"
    resolved "https://registry.npmmirror.com/css-what/download/css-what-5.1.0.tgz#3f7b707aadf633baf62c2ceb8579b545bb40f7fe"
    integrity sha1-P3tweq32M7r2LCzrhXm1RbtA9/4=
  
  cssesc@^3.0.0:
    version "3.0.0"
    resolved "https://registry.npm.taobao.org/cssesc/download/cssesc-3.0.0.tgz#37741919903b868565e1c09ea747445cd18983ee"
    integrity sha1-N3QZGZA7hoVl4cCep0dEXNGJg+4=
  
  cssnano-preset-default@^5.1.9:
    version "5.1.9"
    resolved "https://registry.npmmirror.com/cssnano-preset-default/download/cssnano-preset-default-5.1.9.tgz#79628ac48eccbdad570f70b4018cc38d43d1b7df"
    integrity sha512-RhkEucqlQ+OxEi14K1p8gdXcMQy1mSpo7P1oC44oRls7BYIj8p+cht4IFBFV3W4iOjTP8EUB33XV1fX9KhDzyA==
    dependencies:
      css-declaration-sorter "^6.0.3"
      cssnano-utils "^2.0.1"
      postcss-calc "^8.0.0"
      postcss-colormin "^5.2.2"
      postcss-convert-values "^5.0.2"
      postcss-discard-comments "^5.0.1"
      postcss-discard-duplicates "^5.0.1"
      postcss-discard-empty "^5.0.1"
      postcss-discard-overridden "^5.0.1"
      postcss-merge-longhand "^5.0.4"
      postcss-merge-rules "^5.0.3"
      postcss-minify-font-values "^5.0.1"
      postcss-minify-gradients "^5.0.3"
      postcss-minify-params "^5.0.2"
      postcss-minify-selectors "^5.1.0"
      postcss-normalize-charset "^5.0.1"
      postcss-normalize-display-values "^5.0.1"
      postcss-normalize-positions "^5.0.1"
      postcss-normalize-repeat-style "^5.0.1"
      postcss-normalize-string "^5.0.1"
      postcss-normalize-timing-functions "^5.0.1"
      postcss-normalize-unicode "^5.0.1"
      postcss-normalize-url "^5.0.4"
      postcss-normalize-whitespace "^5.0.1"
      postcss-ordered-values "^5.0.2"
      postcss-reduce-initial "^5.0.2"
      postcss-reduce-transforms "^5.0.1"
      postcss-svgo "^5.0.3"
      postcss-unique-selectors "^5.0.2"
  
  cssnano-utils@^2.0.1:
    version "2.0.1"
    resolved "https://registry.nlark.com/cssnano-utils/download/cssnano-utils-2.0.1.tgz#8660aa2b37ed869d2e2f22918196a9a8b6498ce2"
    integrity sha1-hmCqKzfthp0uLyKRgZapqLZJjOI=
  
  cssnano@^5.0.14:
    version "5.0.14"
    resolved "https://registry.npmmirror.com/cssnano/download/cssnano-5.0.14.tgz#99bc550f663b48c38e9b8e0ae795697c9de84b47"
    integrity sha512-qzhRkFvBhv08tbyKCIfWbxBXmkIpLl1uNblt8SpTHkgLfON5OCPX/CCnkdNmEosvo8bANQYmTTMEgcVBlisHaw==
    dependencies:
      cssnano-preset-default "^5.1.9"
      lilconfig "^2.0.3"
      yaml "^1.10.2"
  
  csso@^4.2.0:
    version "4.2.0"
    resolved "https://registry.npmmirror.com/csso/download/csso-4.2.0.tgz#ea3a561346e8dc9f546d6febedd50187cf389529"
    integrity sha1-6jpWE0bo3J9UbW/r7dUBh884lSk=
    dependencies:
      css-tree "^1.1.2"
  
  csstype@^3.0.2:
    version "3.0.10"
    resolved "https://registry.npmmirror.com/csstype/download/csstype-3.0.10.tgz?cache=0&sync_timestamp=1637224514674&other_urls=https%3A%2F%2Fregistry.npmmirror.com%2Fcsstype%2Fdownload%2Fcsstype-3.0.10.tgz#2ad3a7bed70f35b965707c092e5f30b327c290e5"
    integrity sha512-2u44ZG2OcNUO9HDp/Jl8C07x6pU/eTR3ncV91SiK3dhG9TWvRVsCoJw14Ckx5DgWkzGA3waZWO3d7pgqpUI/XA==
  
  dependency-graph@^0.11.0:
    version "0.11.0"
    resolved "https://registry.nlark.com/dependency-graph/download/dependency-graph-0.11.0.tgz#ac0ce7ed68a54da22165a85e97a01d53f5eb2e27"
    integrity sha1-rAzn7WilTaIhZahel6AdU/XrLic=
  
  diff@^4.0.1:
    version "4.0.2"
    resolved "https://registry.nlark.com/diff/download/diff-4.0.2.tgz?cache=0&sync_timestamp=1622605328812&other_urls=https%3A%2F%2Fregistry.nlark.com%2Fdiff%2Fdownload%2Fdiff-4.0.2.tgz#60f3aecb89d5fae520c11aa19efc2bb982aade7d"
    integrity sha1-YPOuy4nV+uUgwRqhnvwruYKq3n0=
  
  dir-glob@^3.0.1:
    version "3.0.1"
    resolved "https://registry.nlark.com/dir-glob/download/dir-glob-3.0.1.tgz#56dbf73d992a4a93ba1584f4534063fd2e41717f"
    integrity sha1-Vtv3PZkqSpO6FYT0U0Bj/S5BcX8=
    dependencies:
      path-type "^4.0.0"
  
  dom-serializer@^1.0.1:
    version "1.3.2"
    resolved "https://registry.nlark.com/dom-serializer/download/dom-serializer-1.3.2.tgz?cache=0&sync_timestamp=1621256918158&other_urls=https%3A%2F%2Fregistry.nlark.com%2Fdom-serializer%2Fdownload%2Fdom-serializer-1.3.2.tgz#6206437d32ceefaec7161803230c7a20bc1b4d91"
    integrity sha1-YgZDfTLO767HFhgDIwx6ILwbTZE=
    dependencies:
      domelementtype "^2.0.1"
      domhandler "^4.2.0"
      entities "^2.0.0"
  
  domelementtype@^2.0.1, domelementtype@^2.2.0:
    version "2.2.0"
    resolved "https://registry.npm.taobao.org/domelementtype/download/domelementtype-2.2.0.tgz#9a0b6c2782ed6a1c7323d42267183df9bd8b1d57"
    integrity sha1-mgtsJ4LtahxzI9QiZxg9+b2LHVc=
  
  domhandler@^4.2.0, domhandler@^4.3.0:
    version "4.3.0"
    resolved "https://registry.npmmirror.com/domhandler/download/domhandler-4.3.0.tgz#16c658c626cf966967e306f966b431f77d4a5626"
    integrity sha512-fC0aXNQXqKSFTr2wDNZDhsEYjCiYsDWl3D01kwt25hm1YIPyDGHvvi3rw+PLqHAl/m71MaiF7d5zvBr0p5UB2g==
    dependencies:
      domelementtype "^2.2.0"
  
  domutils@^2.8.0:
    version "2.8.0"
    resolved "https://registry.nlark.com/domutils/download/domutils-2.8.0.tgz#4437def5db6e2d1f5d6ee859bd95ca7d02048135"
    integrity sha1-RDfe9dtuLR9dbuhZvZXKfQIEgTU=
    dependencies:
      dom-serializer "^1.0.1"
      domelementtype "^2.2.0"
      domhandler "^4.2.0"
  
  electron-to-chromium@^1.4.17:
    version "1.4.30"
    resolved "https://registry.npmmirror.com/electron-to-chromium/download/electron-to-chromium-1.4.30.tgz#0f75a1dce26dffbd5a0f7212e5b87fe0b61cbc76"
    integrity sha512-609z9sIMxDHg+TcR/VB3MXwH+uwtrYyeAwWc/orhnr90ixs6WVGSrt85CDLGUdNnLqCA7liv426V20EecjvflQ==
  
  emoji-regex@^8.0.0:
    version "8.0.0"
    resolved "https://registry.npmmirror.com/emoji-regex/download/emoji-regex-8.0.0.tgz?cache=0&sync_timestamp=1632811716250&other_urls=https%3A%2F%2Fregistry.npmmirror.com%2Femoji-regex%2Fdownload%2Femoji-regex-8.0.0.tgz#e818fd69ce5ccfcb404594f842963bf53164cc37"
    integrity sha1-6Bj9ac5cz8tARZT4QpY79TFkzDc=
  
  entities@^2.0.0:
    version "2.2.0"
    resolved "https://registry.nlark.com/entities/download/entities-2.2.0.tgz?cache=0&sync_timestamp=1628508189267&other_urls=https%3A%2F%2Fregistry.nlark.com%2Fentities%2Fdownload%2Fentities-2.2.0.tgz#098dc90ebb83d8dffa089d55256b351d34c4da55"
    integrity sha1-CY3JDruD2N/6CJ1VJWs1HTTE2lU=
  
  escalade@^3.1.1:
    version "3.1.1"
    resolved "https://registry.nlark.com/escalade/download/escalade-3.1.1.tgz#d8cfdc7000965c5a0174b4a82eaa5c0552742e40"
    integrity sha1-2M/ccACWXFoBdLSoLqpcBVJ0LkA=
  
  fast-glob@^3.2.7:
    version "3.2.7"
    resolved "https://registry.npmmirror.com/fast-glob/download/fast-glob-3.2.7.tgz#fd6cb7a2d7e9aa7a7846111e85a196d6b2f766a1"
    integrity sha1-/Wy3otfpqnp4RhEehaGW1rL3ZqE=
    dependencies:
      "@nodelib/fs.stat" "^2.0.2"
      "@nodelib/fs.walk" "^1.2.3"
      glob-parent "^5.1.2"
      merge2 "^1.3.0"
      micromatch "^4.0.4"
  
  fastq@^1.6.0:
    version "1.13.0"
    resolved "https://registry.nlark.com/fastq/download/fastq-1.13.0.tgz#616760f88a7526bdfc596b7cab8c18938c36b98c"
    integrity sha1-YWdg+Ip1Jr38WWt8q4wYk4w2uYw=
    dependencies:
      reusify "^1.0.4"
  
  fill-range@^7.0.1:
    version "7.0.1"
    resolved "https://registry.nlark.com/fill-range/download/fill-range-7.0.1.tgz#1919a6a7c75fe38b2c7c77e5198535da9acdda40"
    integrity sha1-GRmmp8df44ssfHflGYU12prN2kA=
    dependencies:
      to-regex-range "^5.0.1"
  
  fraction.js@^4.1.2:
    version "4.1.2"
    resolved "https://registry.npmmirror.com/fraction.js/download/fraction.js-4.1.2.tgz#13e420a92422b6cf244dff8690ed89401029fbe8"
    integrity sha512-o2RiJQ6DZaR/5+Si0qJUIy637QMRudSi9kU/FFzx9EZazrIdnBgpU+3sEWCxAVhH2RtxW2Oz+T4p2o8uOPVcgA==
  
  fs-extra@^10.0.0:
    version "10.0.0"
    resolved "https://registry.nlark.com/fs-extra/download/fs-extra-10.0.0.tgz?cache=0&sync_timestamp=1622604476909&other_urls=https%3A%2F%2Fregistry.nlark.com%2Ffs-extra%2Fdownload%2Ffs-extra-10.0.0.tgz#9ff61b655dde53fb34a82df84bb214ce802e17c1"
    integrity sha1-n/YbZV3eU/s0qC34S7IUzoAuF8E=
    dependencies:
      graceful-fs "^4.2.0"
      jsonfile "^6.0.1"
      universalify "^2.0.0"
  
  fsevents@~2.3.2:
    version "2.3.2"
    resolved "https://registry.npmmirror.com/fsevents/download/fsevents-2.3.2.tgz#8a526f78b8fdf4623b709e0b975c52c24c02fd1a"
    integrity sha1-ilJveLj99GI7cJ4Ll1xSwkwC/Ro=
  
  get-caller-file@^2.0.5:
    version "2.0.5"
    resolved "https://registry.nlark.com/get-caller-file/download/get-caller-file-2.0.5.tgz#4f94412a82db32f36e3b0b9741f8a97feb031f7e"
    integrity sha1-T5RBKoLbMvNuOwuXQfipf+sDH34=
  
  get-stdin@^9.0.0:
    version "9.0.0"
    resolved "https://registry.nlark.com/get-stdin/download/get-stdin-9.0.0.tgz#3983ff82e03d56f1b2ea0d3e60325f39d703a575"
    integrity sha1-OYP/guA9VvGy6g0+YDJfOdcDpXU=
  
  glob-parent@^5.1.2, glob-parent@~5.1.2:
    version "5.1.2"
    resolved "https://registry.npmmirror.com/glob-parent/download/glob-parent-5.1.2.tgz?cache=0&sync_timestamp=1632953697891&other_urls=https%3A%2F%2Fregistry.npmmirror.com%2Fglob-parent%2Fdownload%2Fglob-parent-5.1.2.tgz#869832c58034fe68a4093c17dc15e8340d8401c4"
    integrity sha1-hpgyxYA0/mikCTwX3BXoNA2EAcQ=
    dependencies:
      is-glob "^4.0.1"
  
  globby@^12.0.0:
    version "12.0.2"
    resolved "https://registry.nlark.com/globby/download/globby-12.0.2.tgz#53788b2adf235602ed4cabfea5c70a1139e1ab11"
    integrity sha1-U3iLKt8jVgLtTKv+pccKETnhqxE=
    dependencies:
      array-union "^3.0.1"
      dir-glob "^3.0.1"
      fast-glob "^3.2.7"
      ignore "^5.1.8"
      merge2 "^1.4.1"
      slash "^4.0.0"
  
  graceful-fs@^4.1.6, graceful-fs@^4.2.0:
    version "4.2.8"
    resolved "https://registry.npmmirror.com/graceful-fs/download/graceful-fs-4.2.8.tgz#e412b8d33f5e006593cbd3cee6df9f2cebbe802a"
    integrity sha1-5BK40z9eAGWTy9PO5t+fLOu+gCo=
  
  ignore@^5.1.8:
    version "5.2.0"
    resolved "https://registry.npmmirror.com/ignore/download/ignore-5.2.0.tgz#6d3bac8fa7fe0d45d9f9be7bac2fc279577e345a"
    integrity sha512-CmxgYGiEPCLhfLnpPp1MoRmifwEIOgjcHXxOBjv7mY96c+eWScsOP9c112ZyLdWHi0FxHjI+4uVhKYp/gcdRmQ==
  
  immutable@^4.0.0:
    version "4.0.0"
    resolved "https://registry.npmmirror.com/immutable/download/immutable-4.0.0.tgz?cache=0&sync_timestamp=1633650938783&other_urls=https%3A%2F%2Fregistry.npmmirror.com%2Fimmutable%2Fdownload%2Fimmutable-4.0.0.tgz#b86f78de6adef3608395efb269a91462797e2c23"
    integrity sha1-uG943mre82CDle+yaakUYnl+LCM=
  
  import-cwd@^3.0.0:
    version "3.0.0"
    resolved "https://registry.nlark.com/import-cwd/download/import-cwd-3.0.0.tgz#20845547718015126ea9b3676b7592fb8bd4cf92"
    integrity sha1-IIRVR3GAFRJuqbNna3WS+4vUz5I=
    dependencies:
      import-from "^3.0.0"
  
  import-from@^3.0.0:
    version "3.0.0"
    resolved "https://registry.nlark.com/import-from/download/import-from-3.0.0.tgz#055cfec38cd5a27d8057ca51376d7d3bf0891966"
    integrity sha1-BVz+w4zVon2AV8pRN219O/CJGWY=
    dependencies:
      resolve-from "^5.0.0"
  
  is-binary-path@~2.1.0:
    version "2.1.0"
    resolved "https://registry.nlark.com/is-binary-path/download/is-binary-path-2.1.0.tgz#ea1f7f3b80f064236e83470f86c09c254fb45b09"
    integrity sha1-6h9/O4DwZCNug0cPhsCcJU+0Wwk=
    dependencies:
      binary-extensions "^2.0.0"
  
  is-extglob@^2.1.1:
    version "2.1.1"
    resolved "https://registry.nlark.com/is-extglob/download/is-extglob-2.1.1.tgz#a88c02535791f02ed37c76a1b9ea9773c833f8c2"
    integrity sha1-qIwCU1eR8C7TfHahueqXc8gz+MI=
  
  is-fullwidth-code-point@^3.0.0:
    version "3.0.0"
    resolved "https://registry.nlark.com/is-fullwidth-code-point/download/is-fullwidth-code-point-3.0.0.tgz#f116f8064fe90b3f7844a38997c0b75051269f1d"
    integrity sha1-8Rb4Bk/pCz94RKOJl8C3UFEmnx0=
  
  is-glob@^4.0.1, is-glob@~4.0.1:
    version "4.0.3"
    resolved "https://registry.npmmirror.com/is-glob/download/is-glob-4.0.3.tgz#64f61e42cbbb2eec2071a9dac0b28ba1e65d5084"
    integrity sha1-ZPYeQsu7LuwgcanawLKLoeZdUIQ=
    dependencies:
      is-extglob "^2.1.1"
  
  is-number@^7.0.0:
    version "7.0.0"
    resolved "https://registry.nlark.com/is-number/download/is-number-7.0.0.tgz#7535345b896734d5f80c4d06c50955527a14f12b"
    integrity sha1-dTU0W4lnNNX4DE0GxQlVUnoU8Ss=
  
  "js-tokens@^3.0.0 || ^4.0.0":
    version "4.0.0"
    resolved "https://registry.nlark.com/js-tokens/download/js-tokens-4.0.0.tgz#19203fb59991df98e3a287050d4647cdeaf32499"
    integrity sha1-GSA/tZmR35jjoocFDUZHzerzJJk=
  
  jsonfile@^6.0.1:
    version "6.1.0"
    resolved "https://registry.nlark.com/jsonfile/download/jsonfile-6.1.0.tgz#bc55b2634793c679ec6403094eb13698a6ec0aae"
    integrity sha1-vFWyY0eTxnnsZAMJTrE2mKbsCq4=
    dependencies:
      universalify "^2.0.0"
    optionalDependencies:
      graceful-fs "^4.1.6"
  
  lilconfig@^2.0.3:
    version "2.0.4"
    resolved "https://registry.npmmirror.com/lilconfig/download/lilconfig-2.0.4.tgz#f4507d043d7058b380b6a8f5cb7bcd4b34cee082"
    integrity sha1-9FB9BD1wWLOAtqj1y3vNSzTO4II=
  
  lodash.memoize@^4.1.2:
    version "4.1.2"
    resolved "https://registry.npm.taobao.org/lodash.memoize/download/lodash.memoize-4.1.2.tgz#bcc6c49a42a2840ed997f323eada5ecd182e0bfe"
    integrity sha1-vMbEmkKihA7Zl/Mj6tpezRguC/4=
  
  lodash.uniq@^4.5.0:
    version "4.5.0"
    resolved "https://registry.npm.taobao.org/lodash.uniq/download/lodash.uniq-4.5.0.tgz#d0225373aeb652adc1bc82e4945339a842754773"
    integrity sha1-0CJTc662Uq3BvILklFM5qEJ1R3M=
  
  loose-envify@^1.1.0:
    version "1.4.0"
    resolved "https://registry.npm.taobao.org/loose-envify/download/loose-envify-1.4.0.tgz#71ee51fa7be4caec1a63839f7e682d8132d30caf"
    integrity sha1-ce5R+nvkyuwaY4OffmgtgTLTDK8=
    dependencies:
      js-tokens "^3.0.0 || ^4.0.0"
  
  make-error@^1.1.1:
    version "1.3.6"
    resolved "https://registry.nlark.com/make-error/download/make-error-1.3.6.tgz#2eb2e37ea9b67c4891f684a1394799af484cf7a2"
    integrity sha1-LrLjfqm2fEiR9oShOUeZr0hM96I=
  
  mdn-data@2.0.14:
    version "2.0.14"
    resolved "https://registry.npmmirror.com/mdn-data/download/mdn-data-2.0.14.tgz#7113fc4281917d63ce29b43446f701e68c25ba50"
    integrity sha1-cRP8QoGRfWPOKbQ0RvcB5owlulA=
  
  merge2@^1.3.0, merge2@^1.4.1:
    version "1.4.1"
    resolved "https://registry.nlark.com/merge2/download/merge2-1.4.1.tgz#4368892f885e907455a6fd7dc55c0c9d404990ae"
    integrity sha1-Q2iJL4hekHRVpv19xVwMnUBJkK4=
  
  micromatch@^4.0.4:
    version "4.0.4"
    resolved "https://registry.nlark.com/micromatch/download/micromatch-4.0.4.tgz#896d519dfe9db25fce94ceb7a500919bf881ebf9"
    integrity sha1-iW1Rnf6dsl/OlM63pQCRm/iB6/k=
    dependencies:
      braces "^3.0.1"
      picomatch "^2.2.3"
  
  nanoid@^3.1.30:
    version "3.1.30"
    resolved "https://registry.npmmirror.com/nanoid/download/nanoid-3.1.30.tgz#63f93cc548d2a113dc5dfbc63bfa09e2b9b64362"
    integrity sha512-zJpuPDwOv8D2zq2WRoMe1HsfZthVewpel9CAvTfc/2mBD1uUT/agc5f7GHGWXlYkFvi1mVxe4IjvP2HNrop7nQ==
  
  node-releases@^2.0.1:
    version "2.0.1"
    resolved "https://registry.npmmirror.com/node-releases/download/node-releases-2.0.1.tgz#3d1d395f204f1f2f29a54358b9fb678765ad2fc5"
    integrity sha1-PR05XyBPHy8ppUNYuftnh2WtL8U=
  
  normalize-path@^3.0.0, normalize-path@~3.0.0:
    version "3.0.0"
    resolved "https://registry.nlark.com/normalize-path/download/normalize-path-3.0.0.tgz#0dcd69ff23a1c9b11fd0978316644a0388216a65"
    integrity sha1-Dc1p/yOhybEf0JeDFmRKA4ghamU=
  
  normalize-range@^0.1.2:
    version "0.1.2"
    resolved "https://registry.nlark.com/normalize-range/download/normalize-range-0.1.2.tgz#2d10c06bdfd312ea9777695a4d28439456b75942"
    integrity sha1-LRDAa9/TEuqXd2laTShDlFa3WUI=
  
  normalize-url@^6.0.1:
    version "6.1.0"
    resolved "https://registry.nlark.com/normalize-url/download/normalize-url-6.1.0.tgz?cache=0&other_urls=https%3A%2F%2Fregistry.nlark.com%2Fnormalize-url%2Fdownload%2Fnormalize-url-6.1.0.tgz#40d0885b535deffe3f3147bec877d05fe4c5668a"
    integrity sha1-QNCIW1Nd7/4/MUe+yHfQX+TFZoo=
  
  nth-check@^2.0.1:
    version "2.0.1"
    resolved "https://registry.nlark.com/nth-check/download/nth-check-2.0.1.tgz#2efe162f5c3da06a28959fbd3db75dbeea9f0fc2"
    integrity sha1-Lv4WL1w9oGoolZ+9PbddvuqfD8I=
    dependencies:
      boolbase "^1.0.0"
  
  object-assign@^4.1.1:
    version "4.1.1"
    resolved "https://registry.npm.taobao.org/object-assign/download/object-assign-4.1.1.tgz#2109adc7965887cfc05cbbd442cac8bfbb360863"
    integrity sha1-IQmtx5ZYh8/AXLvUQsrIv7s2CGM=
  
  path-type@^4.0.0:
    version "4.0.0"
    resolved "https://registry.nlark.com/path-type/download/path-type-4.0.0.tgz#84ed01c0a7ba380afe09d90a8c180dcd9d03043b"
    integrity sha1-hO0BwKe6OAr+CdkKjBgNzZ0DBDs=
  
  picocolors@^1.0.0:
    version "1.0.0"
    resolved "https://registry.npmmirror.com/picocolors/download/picocolors-1.0.0.tgz?cache=0&sync_timestamp=1634093442271&other_urls=https%3A%2F%2Fregistry.npmmirror.com%2Fpicocolors%2Fdownload%2Fpicocolors-1.0.0.tgz#cb5bdc74ff3f51892236eaf79d68bc44564ab81c"
    integrity sha1-y1vcdP8/UYkiNur3nWi8RFZKuBw=
  
  picomatch@^2.0.4, picomatch@^2.2.1, picomatch@^2.2.3:
    version "2.3.0"
    resolved "https://registry.nlark.com/picomatch/download/picomatch-2.3.0.tgz#f1f061de8f6a4bf022892e2d128234fb98302972"
    integrity sha1-8fBh3o9qS/AiiS4tEoI0+5gwKXI=
  
  pify@^2.3.0:
    version "2.3.0"
    resolved "https://registry.nlark.com/pify/download/pify-2.3.0.tgz#ed141a6ac043a849ea588498e7dca8b15330e90c"
    integrity sha1-7RQaasBDqEnqWISY59yosVMw6Qw=
  
  postcss-calc@^8.0.0:
    version "8.0.0"
    resolved "https://registry.npm.taobao.org/postcss-calc/download/postcss-calc-8.0.0.tgz?cache=0&sync_timestamp=1609689294247&other_urls=https%3A%2F%2Fregistry.npm.taobao.org%2Fpostcss-calc%2Fdownload%2Fpostcss-calc-8.0.0.tgz#a05b87aacd132740a5db09462a3612453e5df90a"
    integrity sha1-oFuHqs0TJ0Cl2wlGKjYSRT5d+Qo=
    dependencies:
      postcss-selector-parser "^6.0.2"
      postcss-value-parser "^4.0.2"
  
  postcss-cli@^9.1.0:
    version "9.1.0"
    resolved "https://registry.npmmirror.com/postcss-cli/download/postcss-cli-9.1.0.tgz#1a86404cbe848e370127b4bdf5cd2be83bc45ebe"
    integrity sha512-zvDN2ADbWfza42sAnj+O2uUWyL0eRL1V+6giM2vi4SqTR3gTYy8XzcpfwccayF2szcUif0HMmXiEaDv9iEhcpw==
    dependencies:
      chokidar "^3.3.0"
      dependency-graph "^0.11.0"
      fs-extra "^10.0.0"
      get-stdin "^9.0.0"
      globby "^12.0.0"
      picocolors "^1.0.0"
      postcss-load-config "^3.0.0"
      postcss-reporter "^7.0.0"
      pretty-hrtime "^1.0.3"
      read-cache "^1.0.0"
      slash "^4.0.0"
      yargs "^17.0.0"
  
  postcss-colormin@^5.2.2:
    version "5.2.2"
    resolved "https://registry.npmmirror.com/postcss-colormin/download/postcss-colormin-5.2.2.tgz#019cd6912bef9e7e0924462c5e4ffae241e2f437"
    integrity sha512-tSEe3NpqWARUTidDlF0LntPkdlhXqfDFuA1yslqpvvGAfpZ7oBaw+/QXd935NKm2U9p4PED0HDZlzmMk7fVC6g==
    dependencies:
      browserslist "^4.16.6"
      caniuse-api "^3.0.0"
      colord "^2.9.1"
      postcss-value-parser "^4.2.0"
  
  postcss-convert-values@^5.0.2:
    version "5.0.2"
    resolved "https://registry.npmmirror.com/postcss-convert-values/download/postcss-convert-values-5.0.2.tgz#879b849dc3677c7d6bc94b6a2c1a3f0808798059"
    integrity sha1-h5uEncNnfH1ryUtqLBo/CAh5gFk=
    dependencies:
      postcss-value-parser "^4.1.0"
  
  postcss-discard-comments@^5.0.1:
    version "5.0.1"
    resolved "https://registry.nlark.com/postcss-discard-comments/download/postcss-discard-comments-5.0.1.tgz?cache=0&sync_timestamp=1621449592883&other_urls=https%3A%2F%2Fregistry.nlark.com%2Fpostcss-discard-comments%2Fdownload%2Fpostcss-discard-comments-5.0.1.tgz#9eae4b747cf760d31f2447c27f0619d5718901fe"
    integrity sha1-nq5LdHz3YNMfJEfCfwYZ1XGJAf4=
  
  postcss-discard-duplicates@^5.0.1:
    version "5.0.1"
    resolved "https://registry.nlark.com/postcss-discard-duplicates/download/postcss-discard-duplicates-5.0.1.tgz?cache=0&sync_timestamp=1621449593093&other_urls=https%3A%2F%2Fregistry.nlark.com%2Fpostcss-discard-duplicates%2Fdownload%2Fpostcss-discard-duplicates-5.0.1.tgz#68f7cc6458fe6bab2e46c9f55ae52869f680e66d"
    integrity sha1-aPfMZFj+a6suRsn1WuUoafaA5m0=
  
  postcss-discard-empty@^5.0.1:
    version "5.0.1"
    resolved "https://registry.nlark.com/postcss-discard-empty/download/postcss-discard-empty-5.0.1.tgz#ee136c39e27d5d2ed4da0ee5ed02bc8a9f8bf6d8"
    integrity sha1-7hNsOeJ9XS7U2g7l7QK8ip+L9tg=
  
  postcss-discard-overridden@^5.0.1:
    version "5.0.1"
    resolved "https://registry.nlark.com/postcss-discard-overridden/download/postcss-discard-overridden-5.0.1.tgz#454b41f707300b98109a75005ca4ab0ff2743ac6"
    integrity sha1-RUtB9wcwC5gQmnUAXKSrD/J0OsY=
  
  postcss-load-config@^3.0.0:
    version "3.1.0"
    resolved "https://registry.npmmirror.com/postcss-load-config/download/postcss-load-config-3.1.0.tgz#d39c47091c4aec37f50272373a6a648ef5e97829"
    integrity sha1-05xHCRxK7Df1AnI3OmpkjvXpeCk=
    dependencies:
      import-cwd "^3.0.0"
      lilconfig "^2.0.3"
      yaml "^1.10.2"
  
  postcss-merge-longhand@^5.0.4:
    version "5.0.4"
    resolved "https://registry.npmmirror.com/postcss-merge-longhand/download/postcss-merge-longhand-5.0.4.tgz?cache=0&sync_timestamp=1637084949002&other_urls=https%3A%2F%2Fregistry.npmmirror.com%2Fpostcss-merge-longhand%2Fdownload%2Fpostcss-merge-longhand-5.0.4.tgz#41f4f3270282ea1a145ece078b7679f0cef21c32"
    integrity sha512-2lZrOVD+d81aoYkZDpWu6+3dTAAGkCKbV5DoRhnIR7KOULVrI/R7bcMjhrH9KTRy6iiHKqmtG+n/MMj1WmqHFw==
    dependencies:
      postcss-value-parser "^4.1.0"
      stylehacks "^5.0.1"
  
  postcss-merge-rules@^5.0.3:
    version "5.0.3"
    resolved "https://registry.npmmirror.com/postcss-merge-rules/download/postcss-merge-rules-5.0.3.tgz?cache=0&sync_timestamp=1637085393742&other_urls=https%3A%2F%2Fregistry.npmmirror.com%2Fpostcss-merge-rules%2Fdownload%2Fpostcss-merge-rules-5.0.3.tgz#b5cae31f53129812a77e3eb1eeee448f8cf1a1db"
    integrity sha512-cEKTMEbWazVa5NXd8deLdCnXl+6cYG7m2am+1HzqH0EnTdy8fRysatkaXb2dEnR+fdaDxTvuZ5zoBdv6efF6hg==
    dependencies:
      browserslist "^4.16.6"
      caniuse-api "^3.0.0"
      cssnano-utils "^2.0.1"
      postcss-selector-parser "^6.0.5"
  
  postcss-minify-font-values@^5.0.1:
    version "5.0.1"
    resolved "https://registry.nlark.com/postcss-minify-font-values/download/postcss-minify-font-values-5.0.1.tgz#a90cefbfdaa075bd3dbaa1b33588bb4dc268addf"
    integrity sha1-qQzvv9qgdb09uqGzNYi7TcJord8=
    dependencies:
      postcss-value-parser "^4.1.0"
  
  postcss-minify-gradients@^5.0.3:
    version "5.0.3"
    resolved "https://registry.npmmirror.com/postcss-minify-gradients/download/postcss-minify-gradients-5.0.3.tgz?cache=0&sync_timestamp=1635856917388&other_urls=https%3A%2F%2Fregistry.npmmirror.com%2Fpostcss-minify-gradients%2Fdownload%2Fpostcss-minify-gradients-5.0.3.tgz#f970a11cc71e08e9095e78ec3a6b34b91c19550e"
    integrity sha1-+XChHMceCOkJXnjsOms0uRwZVQ4=
    dependencies:
      colord "^2.9.1"
      cssnano-utils "^2.0.1"
      postcss-value-parser "^4.1.0"
  
  postcss-minify-params@^5.0.2:
    version "5.0.2"
    resolved "https://registry.npmmirror.com/postcss-minify-params/download/postcss-minify-params-5.0.2.tgz#1b644da903473fbbb18fbe07b8e239883684b85c"
    integrity sha512-qJAPuBzxO1yhLad7h2Dzk/F7n1vPyfHfCCh5grjGfjhi1ttCnq4ZXGIW77GSrEbh9Hus9Lc/e/+tB4vh3/GpDg==
    dependencies:
      alphanum-sort "^1.0.2"
      browserslist "^4.16.6"
      cssnano-utils "^2.0.1"
      postcss-value-parser "^4.1.0"
  
  postcss-minify-selectors@^5.1.0:
    version "5.1.0"
    resolved "https://registry.nlark.com/postcss-minify-selectors/download/postcss-minify-selectors-5.1.0.tgz?cache=0&sync_timestamp=1621449593365&other_urls=https%3A%2F%2Fregistry.nlark.com%2Fpostcss-minify-selectors%2Fdownload%2Fpostcss-minify-selectors-5.1.0.tgz#4385c845d3979ff160291774523ffa54eafd5a54"
    integrity sha1-Q4XIRdOXn/FgKRd0Uj/6VOr9WlQ=
    dependencies:
      alphanum-sort "^1.0.2"
      postcss-selector-parser "^6.0.5"
  
  postcss-normalize-charset@^5.0.1:
    version "5.0.1"
    resolved "https://registry.nlark.com/postcss-normalize-charset/download/postcss-normalize-charset-5.0.1.tgz?cache=0&sync_timestamp=1621449593655&other_urls=https%3A%2F%2Fregistry.nlark.com%2Fpostcss-normalize-charset%2Fdownload%2Fpostcss-normalize-charset-5.0.1.tgz#121559d1bebc55ac8d24af37f67bd4da9efd91d0"
    integrity sha1-EhVZ0b68VayNJK839nvU2p79kdA=
  
  postcss-normalize-display-values@^5.0.1:
    version "5.0.1"
    resolved "https://registry.nlark.com/postcss-normalize-display-values/download/postcss-normalize-display-values-5.0.1.tgz#62650b965981a955dffee83363453db82f6ad1fd"
    integrity sha1-YmULllmBqVXf/ugzY0U9uC9q0f0=
    dependencies:
      cssnano-utils "^2.0.1"
      postcss-value-parser "^4.1.0"
  
  postcss-normalize-positions@^5.0.1:
    version "5.0.1"
    resolved "https://registry.nlark.com/postcss-normalize-positions/download/postcss-normalize-positions-5.0.1.tgz#868f6af1795fdfa86fbbe960dceb47e5f9492fe5"
    integrity sha1-ho9q8Xlf36hvu+lg3OtH5flJL+U=
    dependencies:
      postcss-value-parser "^4.1.0"
  
  postcss-normalize-repeat-style@^5.0.1:
    version "5.0.1"
    resolved "https://registry.nlark.com/postcss-normalize-repeat-style/download/postcss-normalize-repeat-style-5.0.1.tgz?cache=0&sync_timestamp=1621449596114&other_urls=https%3A%2F%2Fregistry.nlark.com%2Fpostcss-normalize-repeat-style%2Fdownload%2Fpostcss-normalize-repeat-style-5.0.1.tgz#cbc0de1383b57f5bb61ddd6a84653b5e8665b2b5"
    integrity sha1-y8DeE4O1f1u2Hd1qhGU7XoZlsrU=
    dependencies:
      cssnano-utils "^2.0.1"
      postcss-value-parser "^4.1.0"
  
  postcss-normalize-string@^5.0.1:
    version "5.0.1"
    resolved "https://registry.nlark.com/postcss-normalize-string/download/postcss-normalize-string-5.0.1.tgz?cache=0&sync_timestamp=1621449595099&other_urls=https%3A%2F%2Fregistry.nlark.com%2Fpostcss-normalize-string%2Fdownload%2Fpostcss-normalize-string-5.0.1.tgz#d9eafaa4df78c7a3b973ae346ef0e47c554985b0"
    integrity sha1-2er6pN94x6O5c640bvDkfFVJhbA=
    dependencies:
      postcss-value-parser "^4.1.0"
  
  postcss-normalize-timing-functions@^5.0.1:
    version "5.0.1"
    resolved "https://registry.nlark.com/postcss-normalize-timing-functions/download/postcss-normalize-timing-functions-5.0.1.tgz#8ee41103b9130429c6cbba736932b75c5e2cb08c"
    integrity sha1-juQRA7kTBCnGy7pzaTK3XF4ssIw=
    dependencies:
      cssnano-utils "^2.0.1"
      postcss-value-parser "^4.1.0"
  
  postcss-normalize-unicode@^5.0.1:
    version "5.0.1"
    resolved "https://registry.nlark.com/postcss-normalize-unicode/download/postcss-normalize-unicode-5.0.1.tgz#82d672d648a411814aa5bf3ae565379ccd9f5e37"
    integrity sha1-gtZy1kikEYFKpb865WU3nM2fXjc=
    dependencies:
      browserslist "^4.16.0"
      postcss-value-parser "^4.1.0"
  
  postcss-normalize-url@^5.0.4:
    version "5.0.4"
    resolved "https://registry.npmmirror.com/postcss-normalize-url/download/postcss-normalize-url-5.0.4.tgz#3b0322c425e31dd275174d0d5db0e466f50810fb"
    integrity sha512-cNj3RzK2pgQQyNp7dzq0dqpUpQ/wYtdDZM3DepPmFjCmYIfceuD9VIAcOdvrNetjIU65g1B4uwdP/Krf6AFdXg==
    dependencies:
      normalize-url "^6.0.1"
      postcss-value-parser "^4.2.0"
  
  postcss-normalize-whitespace@^5.0.1:
    version "5.0.1"
    resolved "https://registry.nlark.com/postcss-normalize-whitespace/download/postcss-normalize-whitespace-5.0.1.tgz?cache=0&sync_timestamp=1621449593892&other_urls=https%3A%2F%2Fregistry.nlark.com%2Fpostcss-normalize-whitespace%2Fdownload%2Fpostcss-normalize-whitespace-5.0.1.tgz#b0b40b5bcac83585ff07ead2daf2dcfbeeef8e9a"
    integrity sha1-sLQLW8rINYX/B+rS2vLc++7vjpo=
    dependencies:
      postcss-value-parser "^4.1.0"
  
  postcss-ordered-values@^5.0.2:
    version "5.0.2"
    resolved "https://registry.nlark.com/postcss-ordered-values/download/postcss-ordered-values-5.0.2.tgz?cache=0&sync_timestamp=1623330460500&other_urls=https%3A%2F%2Fregistry.nlark.com%2Fpostcss-ordered-values%2Fdownload%2Fpostcss-ordered-values-5.0.2.tgz#1f351426977be00e0f765b3164ad753dac8ed044"
    integrity sha1-HzUUJpd74A4PdlsxZK11PayO0EQ=
    dependencies:
      cssnano-utils "^2.0.1"
      postcss-value-parser "^4.1.0"
  
  postcss-reduce-initial@^5.0.2:
    version "5.0.2"
    resolved "https://registry.npmmirror.com/postcss-reduce-initial/download/postcss-reduce-initial-5.0.2.tgz#fa424ce8aa88a89bc0b6d0f94871b24abe94c048"
    integrity sha512-v/kbAAQ+S1V5v9TJvbGkV98V2ERPdU6XvMcKMjqAlYiJ2NtsHGlKYLPjWWcXlaTKNxooId7BGxeraK8qXvzKtw==
    dependencies:
      browserslist "^4.16.6"
      caniuse-api "^3.0.0"
  
  postcss-reduce-transforms@^5.0.1:
    version "5.0.1"
    resolved "https://registry.nlark.com/postcss-reduce-transforms/download/postcss-reduce-transforms-5.0.1.tgz#93c12f6a159474aa711d5269923e2383cedcf640"
    integrity sha1-k8EvahWUdKpxHVJpkj4jg87c9kA=
    dependencies:
      cssnano-utils "^2.0.1"
      postcss-value-parser "^4.1.0"
  
  postcss-reporter@^7.0.0:
    version "7.0.5"
    resolved "https://registry.npmmirror.com/postcss-reporter/download/postcss-reporter-7.0.5.tgz#e55bd0fdf8d17e4f25fb55e9143fcd79349a2ceb"
    integrity sha512-glWg7VZBilooZGOFPhN9msJ3FQs19Hie7l5a/eE6WglzYqVeH3ong3ShFcp9kDWJT1g2Y/wd59cocf9XxBtkWA==
    dependencies:
      picocolors "^1.0.0"
      thenby "^1.3.4"
  
  postcss-scss@^4.0.2:
    version "4.0.2"
    resolved "https://registry.npmmirror.com/postcss-scss/download/postcss-scss-4.0.2.tgz?cache=0&sync_timestamp=1635496103823&other_urls=https%3A%2F%2Fregistry.npmmirror.com%2Fpostcss-scss%2Fdownload%2Fpostcss-scss-4.0.2.tgz#39ddcc0ab32f155d5ab328ee91353d67a52d537b"
    integrity sha1-Od3MCrMvFV1asyjukTU9Z6UtU3s=
  
  postcss-selector-parser@^6.0.2, postcss-selector-parser@^6.0.4, postcss-selector-parser@^6.0.5, postcss-selector-parser@^6.0.8:
    version "6.0.8"
    resolved "https://registry.npmmirror.com/postcss-selector-parser/download/postcss-selector-parser-6.0.8.tgz#f023ed7a9ea736cd7ef70342996e8e78645a7914"
    integrity sha512-D5PG53d209Z1Uhcc0qAZ5U3t5HagH3cxu+WLZ22jt3gLUpXM4eXXfiO14jiDWST3NNooX/E8wISfOhZ9eIjGTQ==
    dependencies:
      cssesc "^3.0.0"
      util-deprecate "^1.0.2"
  
  postcss-svgo@^5.0.3:
    version "5.0.3"
    resolved "https://registry.npmmirror.com/postcss-svgo/download/postcss-svgo-5.0.3.tgz#d945185756e5dfaae07f9edb0d3cae7ff79f9b30"
    integrity sha1-2UUYV1bl36rgf57bDTyuf/efmzA=
    dependencies:
      postcss-value-parser "^4.1.0"
      svgo "^2.7.0"
  
  postcss-unique-selectors@^5.0.2:
    version "5.0.2"
    resolved "https://registry.npmmirror.com/postcss-unique-selectors/download/postcss-unique-selectors-5.0.2.tgz?cache=0&sync_timestamp=1637084785451&other_urls=https%3A%2F%2Fregistry.npmmirror.com%2Fpostcss-unique-selectors%2Fdownload%2Fpostcss-unique-selectors-5.0.2.tgz#5d6893daf534ae52626708e0d62250890108c0c1"
    integrity sha512-w3zBVlrtZm7loQWRPVC0yjUwwpty7OM6DnEHkxcSQXO1bMS3RJ+JUS5LFMSDZHJcvGsRwhZinCWVqn8Kej4EDA==
    dependencies:
      alphanum-sort "^1.0.2"
      postcss-selector-parser "^6.0.5"
  
  postcss-value-parser@^4.0.2, postcss-value-parser@^4.1.0, postcss-value-parser@^4.2.0:
    version "4.2.0"
    resolved "https://registry.npmmirror.com/postcss-value-parser/download/postcss-value-parser-4.2.0.tgz#723c09920836ba6d3e5af019f92bc0971c02e514"
    integrity sha512-1NNCs6uurfkVbeXG4S8JFT9t19m45ICnif8zWLd5oPSZ50QnwMfK+H3jv408d4jw/7Bttv5axS5IiHoLaVNHeQ==
  
  postcss@^8.4.5:
    version "8.4.5"
    resolved "https://registry.npmmirror.com/postcss/download/postcss-8.4.5.tgz#bae665764dfd4c6fcc24dc0fdf7e7aa00cc77f95"
    integrity sha512-jBDboWM8qpaqwkMwItqTQTiFikhs/67OYVvblFFTM7MrZjt6yMKd6r2kgXizEbTTljacm4NldIlZnhbjr84QYg==
    dependencies:
      nanoid "^3.1.30"
      picocolors "^1.0.0"
      source-map-js "^1.0.1"
  
  pretty-hrtime@^1.0.3:
    version "1.0.3"
    resolved "https://registry.nlark.com/pretty-hrtime/download/pretty-hrtime-1.0.3.tgz#b7e3ea42435a4c9b2759d99e0f201eb195802ee1"
    integrity sha1-t+PqQkNaTJsnWdmeDyAesZWALuE=
  
  queue-microtask@^1.2.2:
    version "1.2.3"
    resolved "https://registry.nlark.com/queue-microtask/download/queue-microtask-1.2.3.tgz#4929228bbc724dfac43e0efb058caf7b6cfb6243"
    integrity sha1-SSkii7xyTfrEPg77BYyve2z7YkM=
  
  react-dom@^17.0.2:
    version "17.0.2"
    resolved "https://registry.npmmirror.com/react-dom/download/react-dom-17.0.2.tgz#ecffb6845e3ad8dbfcdc498f0d0a939736502c23"
    integrity sha512-s4h96KtLDUQlsENhMn1ar8t2bEa+q/YAtj8pPPdIjPDGBDIVNsrD9aXNWqspUe6AzKCIG0C1HZZLqLV7qpOBGA==
    dependencies:
      loose-envify "^1.1.0"
      object-assign "^4.1.1"
      scheduler "^0.20.2"
  
  react-is@^17.0.2:
    version "17.0.2"
    resolved "https://registry.npmmirror.com/react-is/download/react-is-17.0.2.tgz#e691d4a8e9c789365655539ab372762b0efb54f0"
    integrity sha1-5pHUqOnHiTZWVVOas3J2Kw77VPA=
  
  react@^17.0.2:
    version "17.0.2"
    resolved "https://registry.npmmirror.com/react/download/react-17.0.2.tgz#d0b5cc516d29eb3eee383f75b62864cfb6800037"
    integrity sha512-gnhPt75i/dq/z3/6q/0asP78D0u592D5L1pd7M8P+dck6Fu/jJeL6iVVK23fptSUZj8Vjf++7wXA8UNclGQcbA==
    dependencies:
      loose-envify "^1.1.0"
      object-assign "^4.1.1"
  
  read-cache@^1.0.0:
    version "1.0.0"
    resolved "https://registry.npmmirror.com/read-cache/download/read-cache-1.0.0.tgz#e664ef31161166c9751cdbe8dbcf86b5fb58f774"
    integrity sha1-5mTvMRYRZsl1HNvo28+GtftY93Q=
    dependencies:
      pify "^2.3.0"
  
  readdirp@~3.6.0:
    version "3.6.0"
    resolved "https://registry.nlark.com/readdirp/download/readdirp-3.6.0.tgz#74a370bd857116e245b29cc97340cd431a02a6c7"
    integrity sha1-dKNwvYVxFuJFspzJc0DNQxoCpsc=
    dependencies:
      picomatch "^2.2.1"
  
  require-directory@^2.1.1:
    version "2.1.1"
    resolved "https://registry.nlark.com/require-directory/download/require-directory-2.1.1.tgz#8c64ad5fd30dab1c976e2344ffe7f792a6a6df42"
    integrity sha1-jGStX9MNqxyXbiNE/+f3kqam30I=
  
  resolve-from@^5.0.0:
    version "5.0.0"
    resolved "https://registry.nlark.com/resolve-from/download/resolve-from-5.0.0.tgz?cache=0&sync_timestamp=1622605305717&other_urls=https%3A%2F%2Fregistry.nlark.com%2Fresolve-from%2Fdownload%2Fresolve-from-5.0.0.tgz#c35225843df8f776df21c57557bc087e9dfdfc69"
    integrity sha1-w1IlhD3493bfIcV1V7wIfp39/Gk=
  
  reusify@^1.0.4:
    version "1.0.4"
    resolved "https://registry.nlark.com/reusify/download/reusify-1.0.4.tgz#90da382b1e126efc02146e90845a88db12925d76"
    integrity sha1-kNo4Kx4SbvwCFG6QhFqI2xKSXXY=
  
  run-parallel@^1.1.9:
    version "1.2.0"
    resolved "https://registry.nlark.com/run-parallel/download/run-parallel-1.2.0.tgz#66d1368da7bdf921eb9d95bd1a9229e7f21a43ee"
    integrity sha1-ZtE2jae9+SHrnZW9GpIp5/IaQ+4=
    dependencies:
      queue-microtask "^1.2.2"
  
  sass@^1.45.2:
    version "1.45.2"
    resolved "https://registry.npmmirror.com/sass/download/sass-1.45.2.tgz#130b428c1692201cfa181139835d6fc378a33323"
    integrity sha512-cKfs+F9AMPAFlbbTXNsbGvg3y58nV0mXA3E94jqaySKcC8Kq3/8983zVKQ0TLMUrHw7hF9Tnd3Bz9z5Xgtrl9g==
    dependencies:
      chokidar ">=3.0.0 <4.0.0"
      immutable "^4.0.0"
      source-map-js ">=0.6.2 <2.0.0"
  
  scheduler@^0.20.2:
    version "0.20.2"
    resolved "https://registry.npmmirror.com/scheduler/download/scheduler-0.20.2.tgz#4baee39436e34aa93b4874bddcbf0fe8b8b50e91"
    integrity sha1-S67jlDbjSqk7SHS93L8P6Li1DpE=
    dependencies:
      loose-envify "^1.1.0"
      object-assign "^4.1.1"
  
  slash@^4.0.0:
    version "4.0.0"
    resolved "https://registry.nlark.com/slash/download/slash-4.0.0.tgz#2422372176c4c6c5addb5e2ada885af984b396a7"
    integrity sha1-JCI3IXbExsWt214q2oha+YSzlqc=
  
  "source-map-js@>=0.6.2 <2.0.0", source-map-js@^1.0.1:
    version "1.0.1"
    resolved "https://registry.npmmirror.com/source-map-js/download/source-map-js-1.0.1.tgz#a1741c131e3c77d048252adfa24e23b908670caf"
    integrity sha512-4+TN2b3tqOCd/kaGRJ/sTYA0tR0mdXx26ipdolxcwtJVqEnqNYvlCAt1q3ypy4QMlYus+Zh34RNtYLoq2oQ4IA==
  
  source-map-support@^0.5.17:
    version "0.5.21"
    resolved "https://registry.npmmirror.com/source-map-support/download/source-map-support-0.5.21.tgz?cache=0&sync_timestamp=1637320322789&other_urls=https%3A%2F%2Fregistry.npmmirror.com%2Fsource-map-support%2Fdownload%2Fsource-map-support-0.5.21.tgz#04fe7c7f9e1ed2d662233c28cb2b35b9f63f6e4f"
    integrity sha512-uBHU3L3czsIyYXKX88fdrGovxdSCoTGDRZ6SYXtSRxLZUzHg5P/66Ht6uoUlHu9EZod+inXhKo3qQgwXUT/y1w==
    dependencies:
      buffer-from "^1.0.0"
      source-map "^0.6.0"
  
  source-map@^0.6.0, source-map@^0.6.1:
    version "0.6.1"
    resolved "https://registry.npm.taobao.org/source-map/download/source-map-0.6.1.tgz#74722af32e9614e9c287a8d0bbde48b5e2f1a263"
    integrity sha1-dHIq8y6WFOnCh6jQu95IteLxomM=
  
  stable@^0.1.8:
    version "0.1.8"
    resolved "https://registry.npmmirror.com/stable/download/stable-0.1.8.tgz#836eb3c8382fe2936feaf544631017ce7d47a3cf"
    integrity sha1-g26zyDgv4pNv6vVEYxAXzn1Ho88=
  
  string-width@^4.1.0, string-width@^4.2.0, string-width@^4.2.3:
    version "4.2.3"
    resolved "https://registry.npmmirror.com/string-width/download/string-width-4.2.3.tgz#269c7117d27b05ad2e536830a8ec895ef9c6d010"
    integrity sha1-JpxxF9J7Ba0uU2gwqOyJXvnG0BA=
    dependencies:
      emoji-regex "^8.0.0"
      is-fullwidth-code-point "^3.0.0"
      strip-ansi "^6.0.1"
  
  strip-ansi@^6.0.0, strip-ansi@^6.0.1:
    version "6.0.1"
    resolved "https://registry.npmmirror.com/strip-ansi/download/strip-ansi-6.0.1.tgz#9e26c63d30f53443e9489495b2105d37b67a85d9"
    integrity sha1-nibGPTD1NEPpSJSVshBdN7Z6hdk=
    dependencies:
      ansi-regex "^5.0.1"
  
  stylehacks@^5.0.1:
    version "5.0.1"
    resolved "https://registry.nlark.com/stylehacks/download/stylehacks-5.0.1.tgz#323ec554198520986806388c7fdaebc38d2c06fb"
    integrity sha1-Mj7FVBmFIJhoBjiMf9rrw40sBvs=
    dependencies:
      browserslist "^4.16.0"
      postcss-selector-parser "^6.0.4"
  
  svgo@^2.7.0:
    version "2.8.0"
    resolved "https://registry.npmmirror.com/svgo/download/svgo-2.8.0.tgz#4ff80cce6710dc2795f0c7c74101e6764cfccd24"
    integrity sha512-+N/Q9kV1+F+UeWYoSiULYo4xYSDQlTgb+ayMobAXPwMnLvop7oxKMo9OzIrX5x3eS4L4f2UHhc9axXwY8DpChg==
    dependencies:
      "@trysound/sax" "0.2.0"
      commander "^7.2.0"
      css-select "^4.1.3"
      css-tree "^1.1.3"
      csso "^4.2.0"
      picocolors "^1.0.0"
      stable "^0.1.8"
  
  thenby@^1.3.4:
    version "1.3.4"
    resolved "https://registry.nlark.com/thenby/download/thenby-1.3.4.tgz#81581f6e1bb324c6dedeae9bfc28e59b1a2201cc"
    integrity sha1-gVgfbhuzJMbe3q6b/CjlmxoiAcw=
  
  timsort@^0.3.0:
    version "0.3.0"
    resolved "https://registry.nlark.com/timsort/download/timsort-0.3.0.tgz#405411a8e7e6339fe64db9a234de11dc31e02bd4"
    integrity sha1-QFQRqOfmM5/mTbmiNN4R3DHgK9Q=
  
  to-regex-range@^5.0.1:
    version "5.0.1"
    resolved "https://registry.nlark.com/to-regex-range/download/to-regex-range-5.0.1.tgz#1648c44aae7c8d988a326018ed72f5b4dd0392e4"
    integrity sha1-FkjESq58jZiKMmAY7XL1tN0DkuQ=
    dependencies:
      is-number "^7.0.0"
  
  ts-node@10.0.0:
    version "10.0.0"
    resolved "https://registry.npmmirror.com/ts-node/download/ts-node-10.0.0.tgz#05f10b9a716b0b624129ad44f0ea05dac84ba3be"
    integrity sha1-BfELmnFrC2JBKa1E8OoF2shLo74=
    dependencies:
      "@tsconfig/node10" "^1.0.7"
      "@tsconfig/node12" "^1.0.7"
      "@tsconfig/node14" "^1.0.0"
      "@tsconfig/node16" "^1.0.1"
      arg "^4.1.0"
      create-require "^1.1.0"
      diff "^4.0.1"
      make-error "^1.1.1"
      source-map-support "^0.5.17"
      yn "3.1.1"
  
  tslib@^2.3.1:
    version "2.3.1"
    resolved "https://registry.nlark.com/tslib/download/tslib-2.3.1.tgz?cache=0&other_urls=https%3A%2F%2Fregistry.nlark.com%2Ftslib%2Fdownload%2Ftslib-2.3.1.tgz#e8a335add5ceae51aa261d32a490158ef042ef01"
    integrity sha1-6KM1rdXOrlGqJh0ypJAVjvBC7wE=
  
  typescript@~4.3.5:
    version "4.3.5"
    resolved "https://registry.npmmirror.com/typescript/download/typescript-4.3.5.tgz#4d1c37cc16e893973c45a06886b7113234f119f4"
    integrity sha512-DqQgihaQ9cUrskJo9kIyW/+g0Vxsk8cDtZ52a3NGh0YNTfpUSArXSohyUGnvbPazEPLu398C0UxmKSOrPumUzA==
  
  universalify@^2.0.0:
    version "2.0.0"
    resolved "https://registry.nlark.com/universalify/download/universalify-2.0.0.tgz#75a4984efedc4b08975c5aeb73f530d02df25717"
    integrity sha1-daSYTv7cSwiXXFrrc/Uw0C3yVxc=
  
  util-deprecate@^1.0.2:
    version "1.0.2"
    resolved "https://registry.npm.taobao.org/util-deprecate/download/util-deprecate-1.0.2.tgz#450d4dc9fa70de732762fbd2d4a28981419a0ccf"
    integrity sha1-RQ1Nyfpw3nMnYvvS1KKJgUGaDM8=
  
  wrap-ansi@^7.0.0:
    version "7.0.0"
    resolved "https://registry.nlark.com/wrap-ansi/download/wrap-ansi-7.0.0.tgz?cache=0&other_urls=https%3A%2F%2Fregistry.nlark.com%2Fwrap-ansi%2Fdownload%2Fwrap-ansi-7.0.0.tgz#67e145cff510a6a6984bdf1152911d69d2eb9e43"
    integrity sha1-Z+FFz/UQpqaYS98RUpEdadLrnkM=
    dependencies:
      ansi-styles "^4.0.0"
      string-width "^4.1.0"
      strip-ansi "^6.0.0"
  
  y18n@^5.0.5:
    version "5.0.8"
    resolved "https://registry.nlark.com/y18n/download/y18n-5.0.8.tgz#7f4934d0f7ca8c56f95314939ddcd2dd91ce1d55"
    integrity sha1-f0k00PfKjFb5UxSTndzS3ZHOHVU=
  
  yaml@^1.10.2:
    version "1.10.2"
    resolved "https://registry.npmmirror.com/yaml/download/yaml-1.10.2.tgz?cache=0&sync_timestamp=1636797257089&other_urls=https%3A%2F%2Fregistry.npmmirror.com%2Fyaml%2Fdownload%2Fyaml-1.10.2.tgz#2301c5ffbf12b467de8da2333a459e29e7920e4b"
    integrity sha1-IwHF/78StGfejaIzOkWeKeeSDks=
  
  yargs-parser@^21.0.0:
    version "21.0.0"
    resolved "https://registry.npmmirror.com/yargs-parser/download/yargs-parser-21.0.0.tgz?cache=0&sync_timestamp=1637031023704&other_urls=https%3A%2F%2Fregistry.npmmirror.com%2Fyargs-parser%2Fdownload%2Fyargs-parser-21.0.0.tgz#a485d3966be4317426dd56bdb6a30131b281dc55"
    integrity sha512-z9kApYUOCwoeZ78rfRYYWdiU/iNL6mwwYlkkZfJoyMR1xps+NEBX5X7XmRpxkZHhXJ6+Ey00IwKxBBSW9FIjyA==
  
  yargs@^17.0.0:
    version "17.3.1"
    resolved "https://registry.npmmirror.com/yargs/download/yargs-17.3.1.tgz#da56b28f32e2fd45aefb402ed9c26f42be4c07b9"
    integrity sha512-WUANQeVgjLbNsEmGk20f+nlHgOqzRFpiGWVaBrYGYIGANIIu3lWjoyi0fNlFmJkvfhCZ6BXINe7/W2O2bV4iaA==
    dependencies:
      cliui "^7.0.2"
      escalade "^3.1.1"
      get-caller-file "^2.0.5"
      require-directory "^2.1.1"
      string-width "^4.2.3"
      y18n "^5.0.5"
      yargs-parser "^21.0.0"
  
  yn@3.1.1:
    version "3.1.1"
    resolved "https://registry.nlark.com/yn/download/yn-3.1.1.tgz?cache=0&sync_timestamp=1628974846240&other_urls=https%3A%2F%2Fregistry.nlark.com%2Fyn%2Fdownload%2Fyn-3.1.1.tgz#1e87401a09d767c1d5eab26a6e4c185182d2eb50"
    integrity sha1-HodAGgnXZ8HV6rJqbkwYUYLS61A=
  
  zenticons@^3.7.3:
    version "3.7.3"
    resolved "https://registry.npmmirror.com/zenticons/download/zenticons-3.7.3.tgz#142b85f068bccb89e22508bdc642e9605999a976"
    integrity sha512-K6r0LPn4AecklQ0zjBoA+Ryw6HBsClBLIWxHg4Tfwj2ojd5aJHhP108nIBpeCw60cLDKmOnM9Va3N4MXG185vg==
